testing debug library and debug information
+
=================================================================
==130==ERROR: AddressSanitizer: heap-use-after-free on address 0x606000332002 at pc 0x00010272b4e0 bp 0x00016d972740 sp 0x00016d972738
READ of size 1 at 0x606000332002 thread T0
    #0 0x00010272b4dc in _RNvMsa_NtCsdKv7h2K5K6G_6lua_gc4heapNtB5_8GcHeader4flag+0x40 (980799578e18-asan-lua-rs:arm64+0x1002af4dc)
    #1 0x000102721538 in _RINvMsv_NtCsdKv7h2K5K6G_6lua_gc4heapNtB6_6Marker4markNtNtCs2nO5ItxmdEn_9lua_types6string9LuaStringEBT_+0xb0 (980799578e18-asan-lua-rs:arm64+0x1002a5538)
    #2 0x00010269947c in _RNvXs1_NtCs2mdaD5hized_6lua_vm11trace_implsNtNtB7_5state8LuaStateNtNtCsdKv7h2K5K6G_6lua_gc4heap5Trace5trace+0x2ec (980799578e18-asan-lua-rs:arm64+0x10021d47c)
    #3 0x0001026bddc8 in _RINvMsz_NtCsdKv7h2K5K6G_6lua_gc4heapNtB6_4Heap28minor_collect_with_post_markNCNvMsA_NtCs2mdaD5hized_6lua_vm5stateNtB1k_8GcHandle21collect_via_heap_mode0EB1m_+0x230 (980799578e18-asan-lua-rs:arm64+0x100241dc8)
    #4 0x000102683c64 in _RNvMsA_NtCs2mdaD5hized_6lua_vm5stateNtB5_8GcHandle21collect_via_heap_mode+0x77c (980799578e18-asan-lua-rs:arm64+0x100207c64)
    #5 0x000102686adc in _RNvMsA_NtCs2mdaD5hized_6lua_vm5stateNtB5_8GcHandle28generational_step_with_major+0x92c (980799578e18-asan-lua-rs:arm64+0x10020aadc)
    #6 0x000102682000 in _RNvMsA_NtCs2mdaD5hized_6lua_vm5stateNtB5_8GcHandle10check_step+0x32c (980799578e18-asan-lua-rs:arm64+0x100206000)
    #7 0x000102665a1c in _RNvNtCs2mdaD5hized_6lua_vm10tagmethods11get_varargs+0x464 (980799578e18-asan-lua-rs:arm64+0x1001e9a1c)
    #8 0x00010268abe4 in _RNvMsy_NtCs2mdaD5hized_6lua_vm5stateNtB5_8LuaState11get_varargs+0xcc (980799578e18-asan-lua-rs:arm64+0x10020ebe4)
    #9 0x0001026e2d90 in _RNvNtCs2mdaD5hized_6lua_vm2vm7execute+0x463c (980799578e18-asan-lua-rs:arm64+0x100266d90)
    #10 0x00010265291c in _RNvNtCs2mdaD5hized_6lua_vm3do_11ccall_inner+0x89c (980799578e18-asan-lua-rs:arm64+0x1001d691c)
    #11 0x00010263354c in _RNvNtCs2mdaD5hized_6lua_vm3api6call_k+0x27c (980799578e18-asan-lua-rs:arm64+0x1001b754c)
    #12 0x0001025fced0 in _RNvNtCsgXcmazjvXBU_10lua_stdlib4base9dofile_fn+0x28c (980799578e18-asan-lua-rs:arm64+0x100180ed0)
    #13 0x000102787838 in _RNvNtCs2mdaD5hized_6lua_vm3do_12precall_slow+0xd5c (980799578e18-asan-lua-rs:arm64+0x10030b838)
    #14 0x0001026f78dc in _RNvNtCs2mdaD5hized_6lua_vm2vm7execute+0x19188 (980799578e18-asan-lua-rs:arm64+0x10027b8dc)
    #15 0x00010265291c in _RNvNtCs2mdaD5hized_6lua_vm3do_11ccall_inner+0x89c (980799578e18-asan-lua-rs:arm64+0x1001d691c)
    #16 0x0001026217a8 in _RINvNtCs2mdaD5hized_6lua_vm3do_5pcallNCNvMsy_NtB4_5stateNtBH_8LuaState18protected_call_raw0EB4_+0x1d8 (980799578e18-asan-lua-rs:arm64+0x1001a57a8)
    #17 0x0001026906ac in _RNvMsy_NtCs2mdaD5hized_6lua_vm5stateNtB5_8LuaState18protected_call_raw+0xc0 (980799578e18-asan-lua-rs:arm64+0x1002146ac)
    #18 0x0001026347bc in _RNvNtCs2mdaD5hized_6lua_vm3api7pcall_k+0x540 (980799578e18-asan-lua-rs:arm64+0x1001b87bc)
    #19 0x0001024b07c8 in _RNvMs_NtCscprQ8Cbim0G_6lua_rs6interpNtB4_3Cli6docall+0x258 (980799578e18-asan-lua-rs:arm64+0x1000347c8)
    #20 0x0001024afc10 in _RNvMs_NtCscprQ8Cbim0G_6lua_rs6interpNtB4_3Cli13handle_script+0x398 (980799578e18-asan-lua-rs:arm64+0x100033c10)
    #21 0x0001024b54d8 in _RNvNtCscprQ8Cbim0G_6lua_rs6interp5pmain+0x1560 (980799578e18-asan-lua-rs:arm64+0x1000394d8)
    #22 0x000102787838 in _RNvNtCs2mdaD5hized_6lua_vm3do_12precall_slow+0xd5c (980799578e18-asan-lua-rs:arm64+0x10030b838)
    #23 0x000102652a10 in _RNvNtCs2mdaD5hized_6lua_vm3do_11ccall_inner+0x990 (980799578e18-asan-lua-rs:arm64+0x1001d6a10)
    #24 0x0001026217a8 in _RINvNtCs2mdaD5hized_6lua_vm3do_5pcallNCNvMsy_NtB4_5stateNtBH_8LuaState18protected_call_raw0EB4_+0x1d8 (980799578e18-asan-lua-rs:arm64+0x1001a57a8)
    #25 0x0001026906ac in _RNvMsy_NtCs2mdaD5hized_6lua_vm5stateNtB5_8LuaState18protected_call_raw+0xc0 (980799578e18-asan-lua-rs:arm64+0x1002146ac)
    #26 0x0001026347bc in _RNvNtCs2mdaD5hized_6lua_vm3api7pcall_k+0x540 (980799578e18-asan-lua-rs:arm64+0x1001b87bc)
    #27 0x0001024b3a84 in _RNvNtCscprQ8Cbim0G_6lua_rs6interp3run+0x4d4 (980799578e18-asan-lua-rs:arm64+0x100037a84)
    #28 0x0001024bc438 in _RINvNvNtCsl82qo6vb64n_3std9panicking12catch_unwind7do_callINtNtNtCs5dyeT9KiOLK_4core5panic11unwind_safe16AssertUnwindSafeNCNvCscprQ8Cbim0G_6lua_rs4mains_0EINtNtB11_6result6ResultlNtNtCseduYQEDYcHM_5alloc6string6StringEEB1Z_+0xa78 (980799578e18-asan-lua-rs:arm64+0x100040438)
    #29 0x0001024cb1c8 in __rust_try+0x10 (980799578e18-asan-lua-rs:arm64+0x10004f1c8)
    #30 0x0001024c86d0 in _RNvCscprQ8Cbim0G_6lua_rs4main+0x1c0 (980799578e18-asan-lua-rs:arm64+0x10004c6d0)
    #31 0x000102488438 in _RINvNtNtCsl82qo6vb64n_3std3sys9backtrace28___rust_begin_short_backtraceFENtNtB6_7process8ExitCodeB19_ECscprQ8Cbim0G_6lua_rs+0x8 (980799578e18-asan-lua-rs:arm64+0x10000c438)
    #32 0x0001024bb47c in _RNCINvNtCsl82qo6vb64n_3std2rt10lang_startNtNtB6_7process8ExitCodeE0CscprQ8Cbim0G_6lua_rs+0x24 (980799578e18-asan-lua-rs:arm64+0x10003f47c)
    #33 0x00010275ad98 in _RNvNtCsl82qo6vb64n_3std2rt19lang_start_internal+0x3b4 (980799578e18-asan-lua-rs:arm64+0x1002ded98)
    #34 0x0001024bb3f4 in _RINvNtCsl82qo6vb64n_3std2rt10lang_startNtNtB4_7process8ExitCodeECscprQ8Cbim0G_6lua_rs+0xc4 (980799578e18-asan-lua-rs:arm64+0x10003f3f4)
    #35 0x0001024cb20c in main+0x1c (980799578e18-asan-lua-rs:arm64+0x10004f20c)
    #36 0x00019d63c270 in start+0xb14 (dyld:arm64e+0x6270)

0x606000332002 is located 2 bytes inside of 64-byte region [0x606000332000,0x606000332040)
freed by thread T0 here:
    #0 0x0001031aecc0 in free+0x70 (librustc-nightly_rt.asan.dylib:arm64+0x3ecc0)
    #1 0x00010272f7c8 in _RNvMsz_NtCsdKv7h2K5K6G_6lua_gc4heapNtB5_4Heap17sweep_young_range+0x6a8 (980799578e18-asan-lua-rs:arm64+0x1002b37c8)
    #2 0x00010272c3d8 in _RNvMsz_NtCsdKv7h2K5K6G_6lua_gc4heapNtB5_4Heap11sweep_young+0x27c (980799578e18-asan-lua-rs:arm64+0x1002b03d8)
    #3 0x0001026bee50 in _RINvMsz_NtCsdKv7h2K5K6G_6lua_gc4heapNtB6_4Heap28minor_collect_with_post_markNCNvMsA_NtCs2mdaD5hized_6lua_vm5stateNtB1k_8GcHandle21collect_via_heap_mode0EB1m_+0x12b8 (980799578e18-asan-lua-rs:arm64+0x100242e50)
    #4 0x000102683c64 in _RNvMsA_NtCs2mdaD5hized_6lua_vm5stateNtB5_8GcHandle21collect_via_heap_mode+0x77c (980799578e18-asan-lua-rs:arm64+0x100207c64)
    #5 0x000102686adc in _RNvMsA_NtCs2mdaD5hized_6lua_vm5stateNtB5_8GcHandle28generational_step_with_major+0x92c (980799578e18-asan-lua-rs:arm64+0x10020aadc)
    #6 0x000102682000 in _RNvMsA_NtCs2mdaD5hized_6lua_vm5stateNtB5_8GcHandle10check_step+0x32c (980799578e18-asan-lua-rs:arm64+0x100206000)
    #7 0x0001026eea30 in _RNvNtCs2mdaD5hized_6lua_vm2vm7execute+0x102dc (980799578e18-asan-lua-rs:arm64+0x100272a30)
    #8 0x00010265291c in _RNvNtCs2mdaD5hized_6lua_vm3do_11ccall_inner+0x89c (980799578e18-asan-lua-rs:arm64+0x1001d691c)
    #9 0x00010263354c in _RNvNtCs2mdaD5hized_6lua_vm3api6call_k+0x27c (980799578e18-asan-lua-rs:arm64+0x1001b754c)
    #10 0x0001025fced0 in _RNvNtCsgXcmazjvXBU_10lua_stdlib4base9dofile_fn+0x28c (980799578e18-asan-lua-rs:arm64+0x100180ed0)
    #11 0x000102787838 in _RNvNtCs2mdaD5hized_6lua_vm3do_12precall_slow+0xd5c (980799578e18-asan-lua-rs:arm64+0x10030b838)
    #12 0x0001026f78dc in _RNvNtCs2mdaD5hized_6lua_vm2vm7execute+0x19188 (980799578e18-asan-lua-rs:arm64+0x10027b8dc)
    #13 0x00010265291c in _RNvNtCs2mdaD5hized_6lua_vm3do_11ccall_inner+0x89c (980799578e18-asan-lua-rs:arm64+0x1001d691c)
    #14 0x0001026217a8 in _RINvNtCs2mdaD5hized_6lua_vm3do_5pcallNCNvMsy_NtB4_5stateNtBH_8LuaState18protected_call_raw0EB4_+0x1d8 (980799578e18-asan-lua-rs:arm64+0x1001a57a8)
    #15 0x0001026906ac in _RNvMsy_NtCs2mdaD5hized_6lua_vm5stateNtB5_8LuaState18protected_call_raw+0xc0 (980799578e18-asan-lua-rs:arm64+0x1002146ac)
    #16 0x0001026347bc in _RNvNtCs2mdaD5hized_6lua_vm3api7pcall_k+0x540 (980799578e18-asan-lua-rs:arm64+0x1001b87bc)
    #17 0x0001024b07c8 in _RNvMs_NtCscprQ8Cbim0G_6lua_rs6interpNtB4_3Cli6docall+0x258 (980799578e18-asan-lua-rs:arm64+0x1000347c8)
    #18 0x0001024afc10 in _RNvMs_NtCscprQ8Cbim0G_6lua_rs6interpNtB4_3Cli13handle_script+0x398 (980799578e18-asan-lua-rs:arm64+0x100033c10)
    #19 0x0001024b54d8 in _RNvNtCscprQ8Cbim0G_6lua_rs6interp5pmain+0x1560 (980799578e18-asan-lua-rs:arm64+0x1000394d8)
    #20 0x000102787838 in _RNvNtCs2mdaD5hized_6lua_vm3do_12precall_slow+0xd5c (980799578e18-asan-lua-rs:arm64+0x10030b838)
    #21 0x000102652a10 in _RNvNtCs2mdaD5hized_6lua_vm3do_11ccall_inner+0x990 (980799578e18-asan-lua-rs:arm64+0x1001d6a10)
    #22 0x0001026217a8 in _RINvNtCs2mdaD5hized_6lua_vm3do_5pcallNCNvMsy_NtB4_5stateNtBH_8LuaState18protected_call_raw0EB4_+0x1d8 (980799578e18-asan-lua-rs:arm64+0x1001a57a8)
    #23 0x0001026906ac in _RNvMsy_NtCs2mdaD5hized_6lua_vm5stateNtB5_8LuaState18protected_call_raw+0xc0 (980799578e18-asan-lua-rs:arm64+0x1002146ac)
    #24 0x0001026347bc in _RNvNtCs2mdaD5hized_6lua_vm3api7pcall_k+0x540 (980799578e18-asan-lua-rs:arm64+0x1001b87bc)
    #25 0x0001024b3a84 in _RNvNtCscprQ8Cbim0G_6lua_rs6interp3run+0x4d4 (980799578e18-asan-lua-rs:arm64+0x100037a84)
    #26 0x0001024bc438 in _RINvNvNtCsl82qo6vb64n_3std9panicking12catch_unwind7do_callINtNtNtCs5dyeT9KiOLK_4core5panic11unwind_safe16AssertUnwindSafeNCNvCscprQ8Cbim0G_6lua_rs4mains_0EINtNtB11_6result6ResultlNtNtCseduYQEDYcHM_5alloc6string6StringEEB1Z_+0xa78 (980799578e18-asan-lua-rs:arm64+0x100040438)
    #27 0x0001024cb1c8 in __rust_try+0x10 (980799578e18-asan-lua-rs:arm64+0x10004f1c8)
    #28 0x0001024c86d0 in _RNvCscprQ8Cbim0G_6lua_rs4main+0x1c0 (980799578e18-asan-lua-rs:arm64+0x10004c6d0)
    #29 0x000102488438 in _RINvNtNtCsl82qo6vb64n_3std3sys9backtrace28___rust_begin_short_backtraceFENtNtB6_7process8ExitCodeB19_ECscprQ8Cbim0G_6lua_rs+0x8 (980799578e18-asan-lua-rs:arm64+0x10000c438)

previously allocated by thread T0 here:
    #0 0x0001031aebd8 in malloc+0x6c (librustc-nightly_rt.asan.dylib:arm64+0x3ebd8)
    #1 0x000102722060 in _RINvMsz_NtCsdKv7h2K5K6G_6lua_gc4heapNtB6_4Heap8allocateNtNtCs2nO5ItxmdEn_9lua_types6string9LuaStringEBV_+0x13c (980799578e18-asan-lua-rs:arm64+0x1002a6060)
    #2 0x000102720bc0 in _RINvMs2_NtNtCsl82qo6vb64n_3std6thread5localINtB6_8LocalKeyINtNtCs5dyeT9KiOLK_4core4cell7RefCellINtNtCseduYQEDYcHM_5alloc3vec3VecINtNtNtBZ_3ptr8non_null7NonNullNtNtCsdKv7h2K5K6G_6lua_gc4heap4HeapEEEE4withNCINvB2z_17with_current_heapINtB2z_2GcNtNtCs2nO5ItxmdEn_9lua_types6string9LuaStringENCNvMNtB3V_2gcINtB4G_5GcRefB3R_E3new0E0B3H_EB3V_+0x1ec (980799578e18-asan-lua-rs:arm64+0x1002a4bc0)
    #3 0x000102722530 in _RINvNtCsdKv7h2K5K6G_6lua_gc4heap17with_current_heapINtB2_2GcNtNtCs2nO5ItxmdEn_9lua_types6string9LuaStringENCNvMNtB10_2gcINtB1L_5GcRefBW_E3new0EB10_+0xb8 (980799578e18-asan-lua-rs:arm64+0x1002a6530)
    #4 0x00010270fd28 in _RNvMNtCs2nO5ItxmdEn_9lua_types2gcINtB2_5GcRefNtNtB4_6string9LuaStringE3newB4_+0xb0 (980799578e18-asan-lua-rs:arm64+0x100293d28)
    #5 0x000102687dc8 in _RNvMsx_NtCs2mdaD5hized_6lua_vm5stateNtB5_8LuaState10intern_str+0x3f8 (980799578e18-asan-lua-rs:arm64+0x10020bdc8)
    #6 0x000102610414 in _RNCNvNtCsgXcmazjvXBU_10lua_stdlib9debug_lib8set_hook0B5_+0x250 (980799578e18-asan-lua-rs:arm64+0x100194414)
    #7 0x00010265be84 in _RNvNtCs2mdaD5hized_6lua_vm3do_4hook+0x50c (980799578e18-asan-lua-rs:arm64+0x1001dfe84)
    #8 0x00010265dfd4 in _RNvNtCs2mdaD5hized_6lua_vm3do_7rethook+0x298 (980799578e18-asan-lua-rs:arm64+0x1001e1fd4)
    #9 0x000102787954 in _RNvNtCs2mdaD5hized_6lua_vm3do_12precall_slow+0xe78 (980799578e18-asan-lua-rs:arm64+0x10030b954)
    #10 0x0001026f78dc in _RNvNtCs2mdaD5hized_6lua_vm2vm7execute+0x19188 (980799578e18-asan-lua-rs:arm64+0x10027b8dc)
    #11 0x00010265291c in _RNvNtCs2mdaD5hized_6lua_vm3do_11ccall_inner+0x89c (980799578e18-asan-lua-rs:arm64+0x1001d691c)
    #12 0x00010263354c in _RNvNtCs2mdaD5hized_6lua_vm3api6call_k+0x27c (980799578e18-asan-lua-rs:arm64+0x1001b754c)
    #13 0x0001025fced0 in _RNvNtCsgXcmazjvXBU_10lua_stdlib4base9dofile_fn+0x28c (980799578e18-asan-lua-rs:arm64+0x100180ed0)
    #14 0x000102787838 in _RNvNtCs2mdaD5hized_6lua_vm3do_12precall_slow+0xd5c (980799578e18-asan-lua-rs:arm64+0x10030b838)
    #15 0x0001026f78dc in _RNvNtCs2mdaD5hized_6lua_vm2vm7execute+0x19188 (980799578e18-asan-lua-rs:arm64+0x10027b8dc)
    #16 0x00010265291c in _RNvNtCs2mdaD5hized_6lua_vm3do_11ccall_inner+0x89c (980799578e18-asan-lua-rs:arm64+0x1001d691c)
    #17 0x0001026217a8 in _RINvNtCs2mdaD5hized_6lua_vm3do_5pcallNCNvMsy_NtB4_5stateNtBH_8LuaState18protected_call_raw0EB4_+0x1d8 (980799578e18-asan-lua-rs:arm64+0x1001a57a8)
    #18 0x0001026906ac in _RNvMsy_NtCs2mdaD5hized_6lua_vm5stateNtB5_8LuaState18protected_call_raw+0xc0 (980799578e18-asan-lua-rs:arm64+0x1002146ac)
    #19 0x0001026347bc in _RNvNtCs2mdaD5hized_6lua_vm3api7pcall_k+0x540 (980799578e18-asan-lua-rs:arm64+0x1001b87bc)
    #20 0x0001024b07c8 in _RNvMs_NtCscprQ8Cbim0G_6lua_rs6interpNtB4_3Cli6docall+0x258 (980799578e18-asan-lua-rs:arm64+0x1000347c8)
    #21 0x0001024afc10 in _RNvMs_NtCscprQ8Cbim0G_6lua_rs6interpNtB4_3Cli13handle_script+0x398 (980799578e18-asan-lua-rs:arm64+0x100033c10)
    #22 0x0001024b54d8 in _RNvNtCscprQ8Cbim0G_6lua_rs6interp5pmain+0x1560 (980799578e18-asan-lua-rs:arm64+0x1000394d8)
    #23 0x000102787838 in _RNvNtCs2mdaD5hized_6lua_vm3do_12precall_slow+0xd5c (980799578e18-asan-lua-rs:arm64+0x10030b838)
    #24 0x000102652a10 in _RNvNtCs2mdaD5hized_6lua_vm3do_11ccall_inner+0x990 (980799578e18-asan-lua-rs:arm64+0x1001d6a10)
    #25 0x0001026217a8 in _RINvNtCs2mdaD5hized_6lua_vm3do_5pcallNCNvMsy_NtB4_5stateNtBH_8LuaState18protected_call_raw0EB4_+0x1d8 (980799578e18-asan-lua-rs:arm64+0x1001a57a8)
    #26 0x0001026906ac in _RNvMsy_NtCs2mdaD5hized_6lua_vm5stateNtB5_8LuaState18protected_call_raw+0xc0 (980799578e18-asan-lua-rs:arm64+0x1002146ac)
    #27 0x0001026347bc in _RNvNtCs2mdaD5hized_6lua_vm3api7pcall_k+0x540 (980799578e18-asan-lua-rs:arm64+0x1001b87bc)
    #28 0x0001024b3a84 in _RNvNtCscprQ8Cbim0G_6lua_rs6interp3run+0x4d4 (980799578e18-asan-lua-rs:arm64+0x100037a84)
    #29 0x0001024bc438 in _RINvNvNtCsl82qo6vb64n_3std9panicking12catch_unwind7do_callINtNtNtCs5dyeT9KiOLK_4core5panic11unwind_safe16AssertUnwindSafeNCNvCscprQ8Cbim0G_6lua_rs4mains_0EINtNtB11_6result6ResultlNtNtCseduYQEDYcHM_5alloc6string6StringEEB1Z_+0xa78 (980799578e18-asan-lua-rs:arm64+0x100040438)

SUMMARY: AddressSanitizer: heap-use-after-free (980799578e18-asan-lua-rs:arm64+0x1002af4dc) in _RNvMsa_NtCsdKv7h2K5K6G_6lua_gc4heapNtB5_8GcHeader4flag+0x40
Shadow bytes around the buggy address:
  0x606000331d80: fd fd fd fd fa fa fa fa fd fd fd fd fd fd fd fd
  0x606000331e00: fa fa fa fa fd fd fd fd fd fd fd fd fa fa fa fa
  0x606000331e80: fd fd fd fd fd fd fd fd fa fa fa fa fd fd fd fd
  0x606000331f00: fd fd fd fd fa fa fa fa fd fd fd fd fd fd fd fd
  0x606000331f80: fa fa fa fa fd fd fd fd fd fd fd fd fa fa fa fa
=>0x606000332000:[fd]fd fd fd fd fd fd fd fa fa fa fa fd fd fd fd
  0x606000332080: fd fd fd fd fa fa fa fa fd fd fd fd fd fd fd fd
  0x606000332100: fa fa fa fa fd fd fd fd fd fd fd fd fa fa fa fa
  0x606000332180: fd fd fd fd fd fd fd fd fa fa fa fa fd fd fd fd
  0x606000332200: fd fd fd fd fa fa fa fa fd fd fd fd fd fd fd fd
  0x606000332280: fa fa fa fa fd fd fd fd fd fd fd fd fa fa fa fa
Shadow byte legend (one shadow byte represents 8 application bytes):
  Addressable:           00
  Partially addressable: 01 02 03 04 05 06 07 
  Heap left redzone:       fa
  Freed heap region:       fd
  Stack left redzone:      f1
  Stack mid redzone:       f2
  Stack right redzone:     f3
  Stack after return:      f5
  Stack use after scope:   f8
  Global redzone:          f9
  Global init order:       f6
  Poisoned by user:        f7
  Container overflow:      fc
  Array cookie:            ac
  Intra object redzone:    bb
  ASan internal:           fe
  Left alloca redzone:     ca
  Right alloca redzone:    cb
==130==ABORTING
