[1/4] Creating LuaState...
[2/4] Opening standard library...
[DBG] collect_via_heap: force=false snapshot.len=0
[DBG] collect_via_heap: force=false snapshot.len=0
[DBG] collect_via_heap: force=false snapshot.len=0
[DBG] collect_via_heap: force=false snapshot.len=0
[DBG] collect_via_heap: force=false snapshot.len=0
[DBG] collect_via_heap: force=false snapshot.len=0
[DBG] collect_via_heap: force=false snapshot.len=0
[DBG] collect_via_heap: force=false snapshot.len=0
[DBG] collect_via_heap: force=false snapshot.len=0
[DBG] collect_via_heap: force=false snapshot.len=0
[DBG] collect_via_heap: force=false snapshot.len=0
[DBG] collect_via_heap: force=false snapshot.len=0
[DBG] collect_via_heap: force=false snapshot.len=0
[DBG] collect_via_heap: force=false snapshot.len=0
[DBG] collect_via_heap: force=false snapshot.len=0
[DBG] collect_via_heap: force=false snapshot.len=0
[DBG] collect_via_heap: force=false snapshot.len=0
[DBG] collect_via_heap: force=false snapshot.len=0
[DBG] collect_via_heap: force=false snapshot.len=0
[DBG] collect_via_heap: force=false snapshot.len=0
[DBG] collect_via_heap: force=false snapshot.len=0
[DBG] collect_via_heap: force=false snapshot.len=0
[DBG] collect_via_heap: force=false snapshot.len=0
[DBG] collect_via_heap: force=false snapshot.len=0
[DBG] collect_via_heap: force=false snapshot.len=0
[DBG] collect_via_heap: force=false snapshot.len=0
[DBG] collect_via_heap: force=false snapshot.len=0
[DBG] collect_via_heap: force=false snapshot.len=0
[DBG] collect_via_heap: force=false snapshot.len=0
[DBG] collect_via_heap: force=false snapshot.len=0
[DBG] collect_via_heap: force=false snapshot.len=0
[DBG] collect_via_heap: force=false snapshot.len=0
[DBG] collect_via_heap: force=false snapshot.len=0
[DBG] collect_via_heap: force=false snapshot.len=0
[DBG] collect_via_heap: force=false snapshot.len=0
[3/4] Loading source (parse + compile)...
[4/4] Executing chunk...
[DBG] collect_via_heap: force=false snapshot.len=0
[DBG] collect_via_heap: force=false snapshot.len=0
[DBG] collect_via_heap: force=false snapshot.len=0
[DBG] collect_via_heap: force=false snapshot.len=0
[DBG] collect_via_heap: force=false snapshot.len=0
[DBG] collect_via_heap: force=false snapshot.len=0
[DBG] collect_via_heap: force=false snapshot.len=0
[DBG] collect_via_heap: force=false snapshot.len=0
=== myhandler called ===
[DBG] collect_via_heap: force=false snapshot.len=0
lvl=0 what=C namewhat=field name=getinfo linedefined=-1 currentline=-1 short_src=[C]
[DBG] collect_via_heap: force=false snapshot.len=0
lvl=1 what=Lua namewhat= name=? linedefined=14 currentline=17 short_src=stdin
[DBG] collect_via_heap: force=false snapshot.len=0
lvl=2 what=C namewhat=global name=error linedefined=-1 currentline=-1 short_src=[C]
[DBG] collect_via_heap: force=false snapshot.len=0
lvl=3 what=Lua namewhat=metamethod name=close linedefined=27 currentline=28 short_src=stdin
[DBG] collect_via_heap: force=false snapshot.len=0
lvl=4 what=Lua namewhat= name=? linedefined=26 currentline=30 short_src=stdin
[DBG] collect_via_heap: force=false snapshot.len=0
lvl=5 what=C namewhat=global name=xpcall linedefined=-1 currentline=-1 short_src=[C]
[DBG] collect_via_heap: force=false snapshot.len=0
lvl=6 what=main namewhat= name=? linedefined=0 currentline=32 short_src=stdin
[DBG] collect_via_heap: force=false snapshot.len=0
[DBG] collect_via_heap: force=false snapshot.len=0
[DBG] collect_via_heap: force=false snapshot.len=0
[DBG] collect_via_heap: force=false snapshot.len=0
[DBG] collect_via_heap: force=false snapshot.len=0
[DBG] collect_via_heap: force=false snapshot.len=0
[DBG] collect_via_heap: force=false snapshot.len=0
[DBG] collect_via_heap: force=false snapshot.len=0
[DBG] collect_via_heap: force=false snapshot.len=0
[DBG] collect_via_heap: force=false snapshot.len=0
[DBG] collect_via_heap: force=false snapshot.len=0
[DBG] collect_via_heap: force=false snapshot.len=0
[DBG] collect_via_heap: force=false snapshot.len=0
[DBG] collect_via_heap: force=false snapshot.len=0
[DBG] collect_via_heap: force=false snapshot.len=0
[DBG] collect_via_heap: force=false snapshot.len=0
[DBG] collect_via_heap: force=false snapshot.len=0
===traceback===
stdin:28: @x123
stack traceback:
	stdin:23: in function <:-1>
	[C]: in function 'error'
	stdin:28: in function <:-1>
	stdin:30: in function <:-1>
	[C]: in function 'xpcall'
	stdin:32: in function <:-1>
[ok] execution completed, status=Ok
