[1/4] Creating LuaState...
[2/4] Opening standard library...
[3/4] Loading source (parse + compile)...
[4/4] Executing chunk...
testing i/o
+

thread 'main' (14119626) panicked at crates/lua-vm/src/debug.rs:934:9:
get_info: non-function at ci->func
stack backtrace:
   0: __rustc::rust_begin_unwind
             at /rustc/254b59607d4417e9dffbc307138ae5c86280fe4c/library/std/src/panicking.rs:689:5
   1: core::panicking::panic_fmt
             at /rustc/254b59607d4417e9dffbc307138ae5c86280fe4c/library/core/src/panicking.rs:80:14
   2: lua_vm::debug::get_info
             at ./crates/lua-vm/src/debug.rs:934:9
   3: <lua_vm::state::LuaState as lua_stdlib::state_stub::LuaStateStubExt>::push_where
             at ./crates/lua-stdlib/src/state_stub.rs:899:13
   4: lua_stdlib::base::error_fn
             at ./crates/lua-stdlib/src/base.rs:342:15
   5: lua_stdlib::base::assert_fn
             at ./crates/lua-stdlib/src/base.rs:836:5
   6: lua_vm::do_::precall
             at ./crates/lua-vm/src/do_.rs:943:25
   7: lua_vm::state::LuaState::precall
             at ./crates/lua-vm/src/state.rs:1799:9
   8: lua_vm::vm::execute
             at ./crates/lua-vm/src/vm.rs:2271:37
   9: lua_vm::do_::ccall_inner
  10: lua_vm::do_::callnoyield
             at ./crates/lua-vm/src/do_.rs:1050:5
  11: lua_vm::state::LuaState::call_no_yield
             at ./crates/lua-vm/src/state.rs:1793:9
  12: lua_vm::state::LuaState::protected_call_raw::{{closure}}
             at ./crates/lua-vm/src/state.rs:1761:19
  13: lua_vm::do_::raw_run_protected
             at ./crates/lua-vm/src/do_.rs:212:18
  14: lua_vm::do_::pcall
             at ./crates/lua-vm/src/do_.rs:1534:28
  15: lua_vm::state::LuaState::protected_call_raw
             at ./crates/lua-vm/src/state.rs:1759:22
  16: lua_vm::api::pcall_k
             at ./crates/lua-vm/src/api.rs:1791:11
  17: lua_rs::main::{{closure}}
             at ./crates/lua-cli/src/main.rs:357:28
  18: core::ops::function::FnOnce::call_once
             at /Users/ianmclaughlin/.rustup/toolchains/stable-aarch64-apple-darwin/lib/rustlib/src/rust/library/core/src/ops/function.rs:250:5
  19: <core::panic::unwind_safe::AssertUnwindSafe<F> as core::ops::function::FnOnce<()>>::call_once
             at /Users/ianmclaughlin/.rustup/toolchains/stable-aarch64-apple-darwin/lib/rustlib/src/rust/library/core/src/panic/unwind_safe.rs:274:9
  20: std::panicking::catch_unwind::do_call
             at /Users/ianmclaughlin/.rustup/toolchains/stable-aarch64-apple-darwin/lib/rustlib/src/rust/library/std/src/panicking.rs:581:40
  21: std::panicking::catch_unwind
             at /Users/ianmclaughlin/.rustup/toolchains/stable-aarch64-apple-darwin/lib/rustlib/src/rust/library/std/src/panicking.rs:544:19
  22: std::panic::catch_unwind
             at /Users/ianmclaughlin/.rustup/toolchains/stable-aarch64-apple-darwin/lib/rustlib/src/rust/library/std/src/panic.rs:359:14
  23: lua_rs::main
             at ./crates/lua-cli/src/main.rs:332:18
  24: core::ops::function::FnOnce::call_once
             at /Users/ianmclaughlin/.rustup/toolchains/stable-aarch64-apple-darwin/lib/rustlib/src/rust/library/core/src/ops/function.rs:250:5
note: Some details are omitted, run with `RUST_BACKTRACE=full` for a verbose backtrace.
[panic] get_info: non-function at ci->func
