[1/4] Creating LuaState...
[2/4] Opening standard library...
[3/4] Loading source (parse + compile)...
[4/4] Executing chunk...
testing local variables and environments
+
[DBG set_error_obj] top=30 old_top=29 err_val=Str(GcRef(Gc(0x600003ecb680)))
[DBG set_error_obj] top=30 old_top=29 err_val=Str(GcRef(Gc(0x600003ecba00)))
[DBG set_error_obj] top=30 old_top=29 err_val=Str(GcRef(Gc(0x600003ecbf40)))
[DBG set_error_obj] top=30 old_top=29 err_val=Str(GcRef(Gc(0x600003ef3600)))
[DBG set_error_obj] top=30 old_top=29 err_val=Str(GcRef(Gc(0x600003ef0380)))
[DBG set_error_obj] top=30 old_top=29 err_val=Str(GcRef(Gc(0x600003ef3c40)))
[DBG set_error_obj] top=30 old_top=29 err_val=Str(GcRef(Gc(0x600003ef07c0)))
testing to-be-closed variables
testing errors in __close
[DBG error_fn] val=Str(GcRef(Gc(0x600003ef2fc0)))
[DBG set_error_obj] top=38 old_top=30 err_val=Str(GcRef(Gc(0x600003ef2fc0)))
[DBG error_fn] val=Str(GcRef(Gc(0x600003ef3540)))
[DBG set_error_obj] top=37 old_top=29 err_val=Str(GcRef(Gc(0x600003ef3540)))
[DBG set_error_obj] top=30 old_top=28 err_val=Str(GcRef(Gc(0x600003ef3540)))
[DBG set_error_obj] top=29 old_top=27 err_val=Str(GcRef(Gc(0x600003ef3540)))
[DBG error_fn] val=Str(GcRef(Gc(0x600003ef3700)))
[DBG set_error_obj] top=34 old_top=25 err_val=Str(GcRef(Gc(0x600003ef3700)))
[DBG error_fn] val=Int(4)
[DBG set_error_obj] top=37 old_top=35 err_val=Int(4)
[DBG error_fn] val=Str(GcRef(Gc(0x600003ef2480)))
[DBG set_error_obj] top=42 old_top=33 err_val=Str(GcRef(Gc(0x600003ef2480)))
[DBG error_fn] val=Str(GcRef(Gc(0x600003ef0100)))
[DBG set_error_obj] top=40 old_top=32 err_val=Str(GcRef(Gc(0x600003ef0100)))
[DBG set_error_obj] top=33 old_top=31 err_val=Str(GcRef(Gc(0x600003ef0100)))
[DBG error_fn] val=Str(GcRef(Gc(0x600003ef3780)))
[DBG set_error_obj] top=38 old_top=30 err_val=Str(GcRef(Gc(0x600003ef3780)))
[DBG set_error_obj] top=31 old_top=28 err_val=Str(GcRef(Gc(0x600003ef3780)))
[DBG error_fn] val=Str(GcRef(Gc(0x600003ef2cc0)))
[DBG set_error_obj] top=44 old_top=36 err_val=Str(GcRef(Gc(0x600003ef2000)))
[DBG error_fn] val=Str(GcRef(Gc(0x600003ef2640)))
[DBG set_error_obj] top=43 old_top=33 err_val=Str(GcRef(Gc(0x600003ef2640)))
[DBG error_fn] val=Str(GcRef(Gc(0x600003ef30c0)))
[DBG set_error_obj] top=44 old_top=36 err_val=Str(GcRef(Gc(0x600003ef3f80)))
[DBG set_error_obj] top=30 old_top=25 err_val=Str(GcRef(Gc(0x600003ef3ec0)))
[DBG set_error_obj] top=37 old_top=28 err_val=Str(GcRef(Gc(0x600003ecb080)))
[DBG error_fn] val=Int(123)
[DBG set_error_obj] top=42 old_top=34 err_val=Int(123)
[DBG set_error_obj] top=39 old_top=33 err_val=Str(GcRef(Gc(0x600003ecae00)))
[DBG error_fn] val=Int(12)
[DBG set_error_obj] top=39 old_top=31 err_val=Int(12)
[DBG error_fn] val=Int(101)
[DBG set_error_obj] top=42 old_top=40 err_val=Int(101)
[DBG error_fn] val=Int(202)
[DBG set_error_obj] top=46 old_top=34 err_val=Int(202)
[DBG set_error_obj] top=35 old_top=32 err_val=Int(202)
[DBG set_error_obj] top=5 old_top=5 err_val=Str(GcRef(Gc(0x600003ecbb80)))
[DBG set_error_obj] top=32 old_top=1 err_val=Str(GcRef(Gc(0x600003ecbb80)))
lua: pcall_k failed: Runtime: stdin:610: attempt to call a nil value (upvalue 'func2close')
