[2026-05-16T13:47:08Z] ═════════════════════════════════════════════════════════════════
[2026-05-16T13:47:08Z] Implement-loop start. test program: print("hello")
[2026-05-16T13:47:08Z]   MAX_ITER=25  LOOP_COST_CAP=$200.00
[2026-05-16T13:47:08Z] ═════════════════════════════════════════════════════════════════
[2026-05-16T13:47:08Z] ─── iter 1  (spent: $0.00) ───
[2026-05-16T13:47:08Z]   blocked on: require_lib
[2026-05-16T13:47:08Z]   dispatching agent for require_lib (budget $10)
[2026-05-16T13:49:04Z]   agent done. iter cost=$0.9077387499999999  total=$0.00
[2026-05-16T13:49:04Z] ─── iter 2  (spent: $0.00) ───
[2026-05-16T13:49:05Z]   blocked on: get_field
[2026-05-16T13:49:05Z]   dispatching agent for get_field (budget $10)
[2026-05-16T13:50:32Z]   agent done. iter cost=$0.6442545000000001  total=$0.00
[2026-05-16T13:50:32Z] ─── iter 3  (spent: $0.00) ───
[2026-05-16T13:50:32Z]   blocked on: registry_value
[2026-05-16T13:50:32Z]   dispatching agent for registry_value (budget $10)
[2026-05-16T13:51:23Z]   agent done. iter cost=$0.5117385  total=$0.00
[2026-05-16T13:51:23Z] ─── iter 4  (spent: $0.00) ───
[2026-05-16T13:51:23Z]   blocked on: table_get_with_tm
[2026-05-16T13:51:23Z]   dispatching agent for table_get_with_tm (budget $10)
[2026-05-16T13:55:01Z]   agent done. iter cost=$1.9590297499999993  total=$0.00
[2026-05-16T13:55:01Z] ─── iter 5  (spent: $0.00) ───
[2026-05-16T13:55:01Z]   blocked on: fast_get
[2026-05-16T13:55:01Z]   dispatching agent for fast_get (budget $10)
