warning: method `set_int_value` is never used
   --> crates/lua-types/src/table.rs:996:8
    |
236 | impl TableInner {
    | --------------- method in this implementation
...
996 |     fn set_int_value(&mut self, key: i64, value: LuaValue) -> Result<(), LuaError> {
    |        ^^^^^^^^^^^^^
    |
    = note: `#[warn(dead_code)]` (part of `#[warn(unused)]`) on by default

warning: unused imports: `CallInfoIdx`, `CallInfo`, `GlobalState`, `LuaClosureExt`, `LuaProtoExt`, and `LuaStringRefExt`
  --> crates/lua-vm/src/api.rs:13:57
   |
13 | use crate::state::{LuaState, LuaCFunction, LuaCallable, GlobalState, CallInfo, CallInfoIdx, StackIdx,
   |                                                         ^^^^^^^^^^^  ^^^^^^^^  ^^^^^^^^^^^
14 |     LuaValueExt, LuaTypeExt, StackIdxExt,
15 |     LuaTableRefExt, LuaUserDataRefExt, LuaStringRefExt,
   |                                        ^^^^^^^^^^^^^^^
16 |     LuaLClosureRefExt, LuaClosureExt, LuaProtoExt};
   |                        ^^^^^^^^^^^^^  ^^^^^^^^^^^
   |
   = note: `#[warn(unused_imports)]` (part of `#[warn(unused)]`) on by default

warning: unused import: `UpVal`
  --> crates/lua-vm/src/api.rs:18:70
   |
18 |     LuaValue, LuaType, LuaError, LuaString, LuaUserData, LuaClosure, UpVal,
   |                                                                      ^^^^^

warning: unused imports: `CIST_C` and `UpVal`
  --> crates/lua-vm/src/debug.rs:13:5
   |
13 |     UpVal, CIST_C, CIST_FIN, CIST_HOOKED, CIST_HOOKYIELD, CIST_TAIL, CIST_TRAN,
   |     ^^^^^  ^^^^^^

warning: unused import: `std::rc::Rc`
  --> crates/lua-vm/src/func.rs:35:5
   |
35 | use std::rc::Rc;
   |     ^^^^^^^^^^^

warning: unused import: `tagmethods::TagMethod`
  --> crates/lua-vm/src/func.rs:42:5
   |
42 |     tagmethods::TagMethod,
   |     ^^^^^^^^^^^^^^^^^^^^^

warning: unused import: `lua_types::value::F2Imod`
  --> crates/lua-vm/src/object.rs:12:5
   |
12 | use lua_types::value::F2Imod;
   |     ^^^^^^^^^^^^^^^^^^^^^^^^

warning: unused import: `LuaClosure`
  --> crates/lua-vm/src/undump.rs:22:26
   |
22 | use lua_types::closure::{LuaClosure, LuaLClosure};
   |                          ^^^^^^^^^^

warning: unused import: `lua_types::upval::UpVal`
  --> crates/lua-vm/src/undump.rs:23:5
   |
23 | use lua_types::upval::UpVal;
   |     ^^^^^^^^^^^^^^^^^^^^^^^

warning: unused import: `LuaLClosureRefExt`
  --> crates/lua-vm/src/api.rs:16:5
   |
16 |     LuaLClosureRefExt, LuaClosureExt, LuaProtoExt};
   |     ^^^^^^^^^^^^^^^^^

warning: unused variable: `state`
    --> crates/lua-vm/src/debug.rs:1202:47
     |
1202 | fn in_stack(ci: &CallInfo, val_idx: StackIdx, state: &LuaState) -> i32 {
     |                                               ^^^^^ help: if this is intentional, prefix it with an underscore: `_state`
     |
     = note: `#[warn(unused_variables)]` (part of `#[warn(unused)]`) on by default

warning: unused variable: `state`
   --> crates/lua-vm/src/do_.rs:161:21
    |
161 | pub(crate) fn throw(state: &mut LuaState, errcode: LuaStatus) -> ! {
    |                     ^^^^^ help: if this is intentional, prefix it with an underscore: `_state`

warning: unused variable: `state`
    --> crates/lua-vm/src/do_.rs:1478:5
     |
1478 |     state: &mut LuaState,
     |     ^^^^^ help: if this is intentional, prefix it with an underscore: `_state`

warning: unused variable: `state`
  --> crates/lua-vm/src/func.rs:74:5
   |
74 |     state: &mut LuaState,
   |     ^^^^^ help: if this is intentional, prefix it with an underscore: `_state`

warning: unused variable: `valid_end`
   --> crates/lua-vm/src/object.rs:328:9
    |
328 |     let valid_end = idx;
    |         ^^^^^^^^^ help: if this is intentional, prefix it with an underscore: `_valid_end`

warning: variable does not need to be mutable
   --> crates/lua-vm/src/object.rs:872:9
    |
872 |     let mut write_bytes = |out: &mut [u8], written: &mut usize, bytes: &[u8]| {
    |         ----^^^^^^^^^^^
    |         |
    |         help: remove this `mut`
    |
    = note: `#[warn(unused_mut)]` (part of `#[warn(unused)]`) on by default

warning: unused variable: `state`
   --> crates/lua-vm/src/string.rs:757:5
    |
757 |     state: &mut LuaState,
    |     ^^^^^ help: if this is intentional, prefix it with an underscore: `_state`

warning: unused variable: `s`
   --> crates/lua-vm/src/undump.rs:113:15
    |
113 | fn load_error(s: &LoadState<'_>, why: &'static str) -> LuaError {
    |               ^ help: if this is intentional, prefix it with an underscore: `_s`

warning: value assigned to `trap` is never read
    --> crates/lua-vm/src/vm.rs:2117:25
     |
2117 |                         trap = state.ci_trap(ci);
     |                         ^^^^^^^^^^^^^^^^^^^^^^^^
     |
     = help: maybe it is overwritten before being read?
     = note: `#[warn(unused_assignments)]` (part of `#[warn(unused)]`) on by default

warning: constant `ALPHABIT` is never used
  --> crates/lua-vm/src/ctype.rs:31:7
   |
31 | const ALPHABIT: u32 = 0;
   |       ^^^^^^^^
   |
   = note: `#[warn(dead_code)]` (part of `#[warn(unused)]`) on by default

warning: constant `DIGITBIT` is never used
  --> crates/lua-vm/src/ctype.rs:33:7
   |
33 | const DIGITBIT: u32 = 1;
   |       ^^^^^^^^

warning: constant `PRINTBIT` is never used
  --> crates/lua-vm/src/ctype.rs:35:7
   |
35 | const PRINTBIT: u32 = 2;
   |       ^^^^^^^^

warning: constant `SPACEBIT` is never used
  --> crates/lua-vm/src/ctype.rs:37:7
   |
37 | const SPACEBIT: u32 = 3;
   |       ^^^^^^^^

warning: constant `XDIGITBIT` is never used
  --> crates/lua-vm/src/ctype.rs:39:7
   |
39 | const XDIGITBIT: u32 = 4;
   |       ^^^^^^^^^

warning: static `CTYPE_TABLE` is never used
  --> crates/lua-vm/src/ctype.rs:59:19
   |
59 | pub(crate) static CTYPE_TABLE: [u8; 257] = [
   |                   ^^^^^^^^^^^

warning: function `test_prop` is never used
   --> crates/lua-vm/src/ctype.rs:118:4
    |
118 | fn test_prop(c: i32, mask: u8) -> bool {
    |    ^^^^^^^^^

warning: function `lislalpha` is never used
   --> crates/lua-vm/src/ctype.rs:131:15
    |
131 | pub(crate) fn lislalpha(c: i32) -> bool {
    |               ^^^^^^^^^

warning: function `lislalnum` is never used
   --> crates/lua-vm/src/ctype.rs:138:15
    |
138 | pub(crate) fn lislalnum(c: i32) -> bool {
    |               ^^^^^^^^^

warning: function `lisdigit` is never used
   --> crates/lua-vm/src/ctype.rs:145:15
    |
145 | pub(crate) fn lisdigit(c: i32) -> bool {
    |               ^^^^^^^^

warning: function `lisspace` is never used
   --> crates/lua-vm/src/ctype.rs:153:15
    |
153 | pub(crate) fn lisspace(c: i32) -> bool {
    |               ^^^^^^^^

warning: function `lisprint` is never used
   --> crates/lua-vm/src/ctype.rs:160:15
    |
160 | pub(crate) fn lisprint(c: i32) -> bool {
    |               ^^^^^^^^

warning: function `lisxdigit` is never used
   --> crates/lua-vm/src/ctype.rs:167:15
    |
167 | pub(crate) fn lisxdigit(c: i32) -> bool {
    |               ^^^^^^^^^

warning: function `ltolower` is never used
   --> crates/lua-vm/src/ctype.rs:181:15
    |
181 | pub(crate) fn ltolower(c: i32) -> i32 {
    |               ^^^^^^^^

warning: constant `LUA_MASKCALL` is never used
  --> crates/lua-vm/src/debug.rs:46:7
   |
46 | const LUA_MASKCALL: u8 = 1 << 0;
   |       ^^^^^^^^^^^^

warning: constant `LUA_YIELD_STATUS` is never used
  --> crates/lua-vm/src/debug.rs:52:7
   |
52 | const LUA_YIELD_STATUS: i32 = 1;
   |       ^^^^^^^^^^^^^^^^

warning: function `runtime_from_top` is never used
   --> crates/lua-vm/src/debug.rs:249:4
    |
249 | fn runtime_from_top(state: &mut crate::state::LuaState) -> LuaError {
    |    ^^^^^^^^^^^^^^^^

warning: function `concat_error` is never used
    --> crates/lua-vm/src/debug.rs:1407:15
     |
1407 | pub(crate) fn concat_error(
     |               ^^^^^^^^^^^^

warning: function `error_msg` is never used
    --> crates/lua-vm/src/debug.rs:1536:15
     |
1536 | pub(crate) fn error_msg(state: &mut LuaState) -> Result<(), LuaError> {
     |               ^^^^^^^^^

warning: function `run_error` is never used
    --> crates/lua-vm/src/debug.rs:1561:15
     |
1561 | pub(crate) fn run_error(state: &mut LuaState, msg: Vec<u8>) -> Result<(), LuaError> {
     |               ^^^^^^^^^

warning: function `throw` is never used
   --> crates/lua-vm/src/do_.rs:161:15
    |
161 | pub(crate) fn throw(state: &mut LuaState, errcode: LuaStatus) -> ! {
    |               ^^^^^

warning: function `inc_top` is never used
   --> crates/lua-vm/src/do_.rs:329:15
    |
329 | pub(crate) fn inc_top(state: &mut LuaState) -> Result<(), LuaError> {
    |               ^^^^^^^

warning: constant `MAX_UPVAL` is never used
  --> crates/lua-vm/src/func.rs:59:18
   |
59 | pub(crate) const MAX_UPVAL: u8 = 255;
   |                  ^^^^^^^^^

warning: constant `MAX_MISS` is never used
  --> crates/lua-vm/src/func.rs:63:18
   |
63 | pub(crate) const MAX_MISS: u32 = 10;
   |                  ^^^^^^^^

warning: function `new_c_closure` is never used
  --> crates/lua-vm/src/func.rs:73:15
   |
73 | pub(crate) fn new_c_closure(
   |               ^^^^^^^^^^^^^

warning: function `new_lua_closure` is never used
   --> crates/lua-vm/src/func.rs:103:15
    |
103 | pub(crate) fn new_lua_closure(
    |               ^^^^^^^^^^^^^^^

warning: function `unlink_upval` is never used
   --> crates/lua-vm/src/func.rs:394:15
    |
394 | pub(crate) fn unlink_upval(state: &mut LuaState, uv: &GcRef<UpVal>) {
    |               ^^^^^^^^^^^^

warning: function `new_proto` is never used
   --> crates/lua-vm/src/func.rs:517:15
    |
517 | pub(crate) fn new_proto(state: &mut LuaState) -> GcRef<crate::state::LuaProto> {
    |               ^^^^^^^^^

warning: function `free_proto` is never used
   --> crates/lua-vm/src/func.rs:548:15
    |
548 | pub(crate) fn free_proto(_state: &mut LuaState, _f: GcRef<crate::state::LuaProto>) {
    |               ^^^^^^^^^^

warning: constant `DUMMY_C_FUNCTION_IDX` is never used
   --> crates/lua-vm/src/func.rs:617:7
    |
617 | const DUMMY_C_FUNCTION_IDX: crate::state::LuaCFnPtr = usize::MAX;
    |       ^^^^^^^^^^^^^^^^^^^^

warning: constant `L_MAX_LEN_NUM` is never used
  --> crates/lua-vm/src/object.rs:23:7
   |
23 | const L_MAX_LEN_NUM: usize = 200;
   |       ^^^^^^^^^^^^^

warning: constant `CIST_CLSRET` is never used
   --> crates/lua-vm/src/state.rs:143:18
    |
143 | pub(crate) const CIST_CLSRET: u16 = 1 << 9;
    |                  ^^^^^^^^^^^

warning: constant `LUA_RIDX_MAINTHREAD` is never used
   --> crates/lua-vm/src/state.rs:147:18
    |
147 | pub(crate) const LUA_RIDX_MAINTHREAD: i64 = 1;
    |                  ^^^^^^^^^^^^^^^^^^^

warning: constant `LUA_RIDX_GLOBALS` is never used
   --> crates/lua-vm/src/state.rs:148:18
    |
148 | pub(crate) const LUA_RIDX_GLOBALS: i64 = 2;
    |                  ^^^^^^^^^^^^^^^^

warning: constant `LUA_RIDX_LAST` is never used
   --> crates/lua-vm/src/state.rs:149:18
    |
149 | pub(crate) const LUA_RIDX_LAST: usize = 2;
    |                  ^^^^^^^^^^^^^

warning: constant `LUA_EXTRASPACE` is never used
   --> crates/lua-vm/src/state.rs:154:7
    |
154 | const LUA_EXTRASPACE: usize = std::mem::size_of::<*mut ()>();
    |       ^^^^^^^^^^^^^^

warning: function `free_thread` is never used
    --> crates/lua-vm/src/state.rs:4115:15
     |
4115 | pub(crate) fn free_thread(caller: &mut LuaState, thread: &mut LuaState) {
     |               ^^^^^^^^^^^

warning: function `warn_error` is never used
    --> crates/lua-vm/src/state.rs:4480:15
     |
4480 | pub(crate) fn warn_error(state: &mut LuaState, where_: &[u8]) {
     |               ^^^^^^^^^^

warning: type alias `LocalGcRef` is never used
  --> crates/lua-vm/src/string.rs:37:6
   |
37 | type LocalGcRef<T> = Rc<T>;
   |      ^^^^^^^^^^

warning: field `hash` is never read
   --> crates/lua-vm/src/string.rs:142:5
    |
134 | pub struct LuaStringImpl {
    |            ------------- field in this struct
...
142 |     hash: Cell<u32>,
    |     ^^^^

warning: function `eq_long_str` is never used
   --> crates/lua-vm/src/string.rs:327:15
    |
327 | pub(crate) fn eq_long_str(a: &LuaStringImpl, b: &LuaStringImpl) -> bool {
    |               ^^^^^^^^^^^

warning: function `hash_long_str` is never used
   --> crates/lua-vm/src/string.rs:401:15
    |
401 | pub(crate) fn hash_long_str(ts: &LuaStringImpl) -> u32 {
    |               ^^^^^^^^^^^^^

warning: function `clear_cache` is never used
   --> crates/lua-vm/src/string.rs:494:15
    |
494 | pub(crate) fn clear_cache(g: &mut GlobalState) {
    |               ^^^^^^^^^^^

warning: function `create_long_str` is never used
   --> crates/lua-vm/src/string.rs:576:15
    |
576 | pub(crate) fn create_long_str(state: &mut LuaState, l: usize) -> GcRef<LuaStringImpl> {
    |               ^^^^^^^^^^^^^^^

warning: function `remove_str` is never used
   --> crates/lua-vm/src/string.rs:605:15
    |
605 | pub(crate) fn remove_str(state: &mut LuaState, ts: &LuaStringImpl) {
    |               ^^^^^^^^^^

warning: function `new_userdata` is never used
   --> crates/lua-vm/src/string.rs:756:15
    |
756 | pub(crate) fn new_userdata(
    |               ^^^^^^^^^^^^

warning: function `get_tm` is never used
   --> crates/lua-vm/src/tagmethods.rs:210:15
    |
210 | pub(crate) fn get_tm(
    |               ^^^^^^

warning: field `name` is never read
  --> crates/lua-vm/src/undump.rs:88:5
   |
83 | struct LoadState<'a> {
   |        --------- field in this struct
...
88 |     name: Vec<u8>,
   |     ^^^^

warning: structure field `nCcalls` should have a snake case name
    --> crates/lua-vm/src/state.rs:1524:9
     |
1524 |     pub nCcalls: u32,
     |         ^^^^^^^ help: convert the identifier to snake case: `n_ccalls`
     |
     = note: `#[warn(non_snake_case)]` (part of `#[warn(nonstandard_style)]`) on by default

warning: unused import: `std::rc::Rc`
  --> crates/lua-lex/src/lib.rs:26:5
   |
26 | use std::rc::Rc;
   |     ^^^^^^^^^^^
   |
   = note: `#[warn(unused_imports)]` (part of `#[warn(unused)]`) on by default

warning: enum `NumResult` is never used
    --> crates/lua-lex/src/lib.rs:1716:6
     |
1716 | enum NumResult {
     |      ^^^^^^^^^
     |
     = note: `#[warn(dead_code)]` (part of `#[warn(unused)]`) on by default

warning: function `str2num_stub` is never used
    --> crates/lua-lex/src/lib.rs:1721:4
     |
1721 | fn str2num_stub(bytes: &[u8]) -> Option<NumResult> {
     |    ^^^^^^^^^^^^

warning: value assigned to `vidx` is never read
    --> crates/lua-parse/src/lib.rs:3954:20
     |
3954 |     let mut vidx = 0i32;
     |                    ^^^^
     |
     = help: maybe it is overwritten before being read?
     = note: `#[warn(unused_assignments)]` (part of `#[warn(unused)]`) on by default

warning: function `local_debug_info` is never used
    --> crates/lua-parse/src/lib.rs:1998:4
     |
1998 | fn local_debug_info<'a>(ls: &LexState, fs: &'a mut FuncState, vidx: i32) -> Option<&'a mut LocalVar> {
     |    ^^^^^^^^^^^^^^^^
     |
     = note: `#[warn(dead_code)]` (part of `#[warn(unused)]`) on by default

warning: calls to `std::mem::drop` with a reference instead of an owned value does nothing
    --> crates/lua-parse/src/lib.rs:2641:5
     |
2641 |     drop(fs); // release borrow before iterating
     |     ^^^^^--^
     |          |
     |          argument has type `&Box<FuncState>`
     |
     = note: `#[warn(dropping_references)]` on by default
help: use `let _ = ...` to ignore the expression or result
     |
2641 -     drop(fs); // release borrow before iterating
2641 +     let _ = fs; // release borrow before iterating
     |

